<?xml version="1.0" encoding="UTF-8"?>
<!-- Generated by org.testng.reporters.JUnitReportReporter -->
<testsuite hostname="DESKTOP-OPOB53H" failures="0" tests="1" name="test.SwagLabLoginPageTest" time="8.207" errors="0" timestamp="2022-10-20T10:11:15 IST" skipped="0">
  <testcase classname="test.SwagLabLoginPageTest" name="validateSwagLabLogin" time="8.207"/>
  <system-out/>
</testsuite> <!-- test.SwagLabLoginPageTest -->
